2019-10-28 23:51:14.968 INFO  [main] com.mz.TestEasyExcelApplication : Starting TestEasyExcelApplication on pc with PID 12996 (started by Admin in G:\桌面\JAVA\sts\TestEasyExcel)
2019-10-28 23:51:14.971 INFO  [main] com.mz.TestEasyExcelApplication : No active profile set, falling back to default profiles: default
2019-10-28 23:51:15.528 WARN  [main] org.mybatis.spring.mapper.ClassPathMapperScanner : No MyBatis mapper was found in '[com.mz]' package. Please check your configuration.
2019-10-28 23:51:15.843 INFO  [main] o.s.boot.web.embedded.tomcat.TomcatWebServer : Tomcat initialized with port(s): 8080 (http)
2019-10-28 23:51:15.849 INFO  [main] org.apache.coyote.http11.Http11NioProtocol : Initializing ProtocolHandler ["http-nio-8080"]
2019-10-28 23:51:15.850 INFO  [main] org.apache.catalina.core.StandardService : Starting service [Tomcat]
2019-10-28 23:51:15.851 INFO  [main] org.apache.catalina.core.StandardEngine : Starting Servlet engine: [Apache Tomcat/9.0.27]
2019-10-28 23:51:15.904 INFO  [main] o.a.c.core.ContainerBase.[Tomcat].[localhost].[/] : Initializing Spring embedded WebApplicationContext
2019-10-28 23:51:15.904 INFO  [main] org.springframework.web.context.ContextLoader : Root WebApplicationContext: initialization completed in 896 ms
2019-10-28 23:51:16.045 INFO  [main] o.s.scheduling.concurrent.ThreadPoolTaskExecutor : Initializing ExecutorService 'applicationTaskExecutor'
2019-10-28 23:51:16.303 INFO  [main] org.apache.coyote.http11.Http11NioProtocol : Starting ProtocolHandler ["http-nio-8080"]
2019-10-28 23:51:16.319 INFO  [main] o.s.boot.web.embedded.tomcat.TomcatWebServer : Tomcat started on port(s): 8080 (http) with context path ''
2019-10-28 23:51:16.321 INFO  [main] com.mz.TestEasyExcelApplication : Started TestEasyExcelApplication in 1.6 seconds (JVM running for 2.321)
2019-10-28 23:51:37.769 INFO  [RMI TCP Connection(2)-127.0.0.1] o.s.b.a.SpringApplicationAdminMXBeanRegistrar$SpringApplicationAdmin : Application shutdown requested.
2019-10-28 23:51:37.771 INFO  [RMI TCP Connection(2)-127.0.0.1] o.s.scheduling.concurrent.ThreadPoolTaskExecutor : Shutting down ExecutorService 'applicationTaskExecutor'
2019-10-28 23:53:11.482 INFO  [main] com.mz.TestEasyExcelApplication : Starting TestEasyExcelApplication on pc with PID 4432 (started by Admin in G:\桌面\JAVA\sts\TestEasyExcel)
2019-10-28 23:53:11.485 INFO  [main] com.mz.TestEasyExcelApplication : No active profile set, falling back to default profiles: default
2019-10-28 23:53:11.922 WARN  [main] org.mybatis.spring.mapper.ClassPathMapperScanner : No MyBatis mapper was found in '[com.mz]' package. Please check your configuration.
2019-10-28 23:53:12.193 INFO  [main] o.s.boot.web.embedded.tomcat.TomcatWebServer : Tomcat initialized with port(s): 8080 (http)
2019-10-28 23:53:12.199 INFO  [main] org.apache.coyote.http11.Http11NioProtocol : Initializing ProtocolHandler ["http-nio-8080"]
2019-10-28 23:53:12.200 INFO  [main] org.apache.catalina.core.StandardService : Starting service [Tomcat]
2019-10-28 23:53:12.200 INFO  [main] org.apache.catalina.core.StandardEngine : Starting Servlet engine: [Apache Tomcat/9.0.27]
2019-10-28 23:53:12.253 INFO  [main] o.a.c.core.ContainerBase.[Tomcat].[localhost].[/] : Initializing Spring embedded WebApplicationContext
2019-10-28 23:53:12.253 INFO  [main] org.springframework.web.context.ContextLoader : Root WebApplicationContext: initialization completed in 738 ms
2019-10-28 23:53:12.373 INFO  [main] o.s.scheduling.concurrent.ThreadPoolTaskExecutor : Initializing ExecutorService 'applicationTaskExecutor'
2019-10-28 23:53:12.597 INFO  [main] org.apache.coyote.http11.Http11NioProtocol : Starting ProtocolHandler ["http-nio-8080"]
2019-10-28 23:53:12.617 INFO  [main] o.s.boot.web.embedded.tomcat.TomcatWebServer : Tomcat started on port(s): 8080 (http) with context path ''
2019-10-28 23:53:12.620 INFO  [main] com.mz.TestEasyExcelApplication : Started TestEasyExcelApplication in 1.356 seconds (JVM running for 2.119)
2019-10-29 00:09:11.528 INFO  [main] com.mz.TestEasyExcelApplication : Starting TestEasyExcelApplication on pc with PID 16936 (started by Admin in G:\桌面\JAVA\sts\TestEasyExcel)
2019-10-29 00:09:11.534 INFO  [main] com.mz.TestEasyExcelApplication : No active profile set, falling back to default profiles: default
2019-10-29 00:09:12.258 INFO  [main] o.s.boot.web.embedded.tomcat.TomcatWebServer : Tomcat initialized with port(s): 8080 (http)
2019-10-29 00:09:12.264 INFO  [main] org.apache.coyote.http11.Http11NioProtocol : Initializing ProtocolHandler ["http-nio-8080"]
2019-10-29 00:09:12.264 INFO  [main] org.apache.catalina.core.StandardService : Starting service [Tomcat]
2019-10-29 00:09:12.265 INFO  [main] org.apache.catalina.core.StandardEngine : Starting Servlet engine: [Apache Tomcat/9.0.27]
2019-10-29 00:09:12.313 INFO  [main] o.a.c.core.ContainerBase.[Tomcat].[localhost].[/] : Initializing Spring embedded WebApplicationContext
2019-10-29 00:09:12.313 INFO  [main] org.springframework.web.context.ContextLoader : Root WebApplicationContext: initialization completed in 749 ms
2019-10-29 00:09:12.623 INFO  [main] o.s.scheduling.concurrent.ThreadPoolTaskExecutor : Initializing ExecutorService 'applicationTaskExecutor'
2019-10-29 00:09:12.755 INFO  [main] org.apache.coyote.http11.Http11NioProtocol : Starting ProtocolHandler ["http-nio-8080"]
2019-10-29 00:09:12.808 INFO  [main] org.apache.coyote.http11.Http11NioProtocol : Pausing ProtocolHandler ["http-nio-8080"]
2019-10-29 00:09:12.808 INFO  [main] org.apache.catalina.core.StandardService : Stopping service [Tomcat]
2019-10-29 00:09:12.812 INFO  [main] org.apache.coyote.http11.Http11NioProtocol : Stopping ProtocolHandler ["http-nio-8080"]
2019-10-29 00:09:12.812 INFO  [main] org.apache.coyote.http11.Http11NioProtocol : Destroying ProtocolHandler ["http-nio-8080"]
2019-10-29 00:09:12.814 INFO  [main] o.s.b.a.l.ConditionEvaluationReportLoggingListener : 

Error starting ApplicationContext. To display the conditions report re-run your application with 'debug' enabled.
2019-10-29 00:09:12.817 ERROR [main] o.s.b.diagnostics.LoggingFailureAnalysisReporter : 

***************************
APPLICATION FAILED TO START
***************************

Description:

Web server failed to start. Port 8080 was already in use.

Action:

Identify and stop the process that's listening on port 8080 or configure this application to listen on another port.

2019-10-29 00:09:12.822 INFO  [main] o.s.scheduling.concurrent.ThreadPoolTaskExecutor : Shutting down ExecutorService 'applicationTaskExecutor'
